<?xml version="1.0" encoding="UTF-8"?>
<testsuite name="Test" tests="2" skipped="0" failures="0" errors="0" timestamp="2024-03-15T21:53:48" hostname="DESKTOP-1IPK4RR" time="0.022">
  <properties/>
  <testcase name="puedeLanzarHechizoTest()" classname="Test" time="0.018"/>
  <testcase name="estaVivoTest()" classname="Test" time="0.002"/>
  <system-out><![CDATA[]]></system-out>
  <system-err><![CDATA[]]></system-err>
</testsuite>
